app/build/intermediates/manifest_merge_blame_file/debug/manifest-merger-blame-debug-report.txt
1<?xml version="1.0" encoding="utf-8"?>
2<manifest xmlns:android="http://schemas.android.com/apk/res/android"
3    package="intersistemi.it.afp"
4    android:versionCode="1"
5    android:versionName="0.9.2711" >
6
7    <uses-sdk
8        android:minSdkVersion="19"
8-->src\main\AndroidManifest.xml
9        android:targetSdkVersion="25" />
9-->src\main\AndroidManifest.xml
10
11    <uses-permission android:name="android.permission.ACCESS_NETWORK_STATE" />
11-->src\main\AndroidManifest.xml:4:5-78
11-->src\main\AndroidManifest.xml:4:22-76
12    <uses-permission android:name="android.permission.INTERNET" />
12-->src\main\AndroidManifest.xml:5:5-66
12-->src\main\AndroidManifest.xml:5:22-64
13    <uses-permission android:name="android.permission.WRITE_EXTERNAL_STORAGE" />
13-->src\main\AndroidManifest.xml:6:5-80
13-->src\main\AndroidManifest.xml:6:22-78
14    <uses-permission android:name="android.permission.READ_EXTERNAL_STORAGE" />
14-->src\main\AndroidManifest.xml:7:5-79
14-->src\main\AndroidManifest.xml:7:22-77
15    <uses-permission android:name="android.permission.RECORD_AUDIO" />
15-->src\main\AndroidManifest.xml:8:5-70
15-->src\main\AndroidManifest.xml:8:22-68
16    <uses-permission android:name="android.permission.RECEIVE_BOOT_COMPLETED" />
16-->src\main\AndroidManifest.xml:9:5-80
16-->src\main\AndroidManifest.xml:9:22-78
17
18    <application
18-->src\main\AndroidManifest.xml:11:5-41:19
19        android:allowBackup="true"
19-->src\main\AndroidManifest.xml:12:9-35
20        android:debuggable="true"
21        android:icon="@mipmap/ic_launcher_finger"
21-->src\main\AndroidManifest.xml:13:9-50
22        android:label="@string/app_name"
22-->src\main\AndroidManifest.xml:14:9-41
23        android:roundIcon="@mipmap/ic_launcher_finger"
23-->src\main\AndroidManifest.xml:15:9-55
24        android:supportsRtl="true"
24-->src\main\AndroidManifest.xml:16:9-35
25        android:testOnly="true"
26        android:theme="@style/AppTheme" >
26-->src\main\AndroidManifest.xml:17:9-40
27        <activity
27-->src\main\AndroidManifest.xml:18:9-26:20
28            android:name="intersistemi.it.afp.activity.MainActivity"
28-->src\main\AndroidManifest.xml:19:13-50
29            android:label="@string/app_name"
29-->src\main\AndroidManifest.xml:20:13-45
30            android:screenOrientation="portrait" >
30-->src\main\AndroidManifest.xml:21:13-49
31            <intent-filter>
31-->src\main\AndroidManifest.xml:22:13-25:29
32                <action android:name="android.intent.action.MAIN" />
32-->src\main\AndroidManifest.xml:23:17-68
32-->src\main\AndroidManifest.xml:23:25-66
33
34                <category android:name="android.intent.category.LAUNCHER" />
34-->src\main\AndroidManifest.xml:24:17-76
34-->src\main\AndroidManifest.xml:24:27-74
35            </intent-filter>
36        </activity>
37
38        <receiver
38-->src\main\AndroidManifest.xml:28:9-109
39            android:name="bas3.it.basfp.broadcast.AlarmReceiverBroadcast"
39-->src\main\AndroidManifest.xml:28:19-80
40            android:process=":remote" />
40-->src\main\AndroidManifest.xml:28:81-106
41        <receiver android:name="bas3.it.basfp.broadcast.AlarmBootReceiverBroadcast" >
41-->src\main\AndroidManifest.xml:29:9-35:20
41-->src\main\AndroidManifest.xml:29:19-84
42            <intent-filter>
42-->src\main\AndroidManifest.xml:30:13-34:29
43                <action android:name="android.intent.action.BOOT_COMPLETED" />
43-->src\main\AndroidManifest.xml:31:17-79
43-->src\main\AndroidManifest.xml:31:25-76
44                <action android:name="android.intent.action.MAIN" />
44-->src\main\AndroidManifest.xml:23:17-68
44-->src\main\AndroidManifest.xml:23:25-66
45
46                <category android:name="android.intent.category.LAUNCHER" />
46-->src\main\AndroidManifest.xml:24:17-76
46-->src\main\AndroidManifest.xml:24:27-74
47            </intent-filter>
48        </receiver>
49
50        <service
50-->src\main\AndroidManifest.xml:37:9-40:19
51            android:name="bas3.it.basfp.FingerPrint"
51-->src\main\AndroidManifest.xml:38:13-53
52            android:exported="false" >
52-->src\main\AndroidManifest.xml:39:13-37
53        </service>
54    </application>
55
56</manifest>